Segmentation/app/build/intermediates/manifest_merge_blame_file/debug/manifest-merger-blame-debug-report.txt
1<?xml version="1.0" encoding="utf-8"?>
2<manifest xmlns:android="http://schemas.android.com/apk/res/android"
3    package="com.example.objectdetection"
4    android:versionCode="1"
5    android:versionName="1.0" >
6
7    <uses-sdk
8        android:minSdkVersion="24"
8-->src\main\AndroidManifest.xml
9        android:targetSdkVersion="33" />
9-->src\main\AndroidManifest.xml
10
11    <uses-feature
11-->src\main\AndroidManifest.xml:5:5-7:36
12        android:name="android.hardware.camera"
12-->src\main\AndroidManifest.xml:6:9-47
13        android:required="false" />
13-->src\main\AndroidManifest.xml:7:9-33
14
15    <uses-permission android:name="android.permission.WRITE_EXTERNAL_STORAGE" />
15-->src\main\AndroidManifest.xml:9:5-80
15-->src\main\AndroidManifest.xml:9:22-78
16    <uses-permission android:name="android.permission.CAMERA" />
16-->src\main\AndroidManifest.xml:10:5-64
16-->src\main\AndroidManifest.xml:10:22-62
17
18    <!-- Although the *SdkVersion is captured in gradle build files, this is required for non gradle builds -->
19    <!-- <uses-sdk android:minSdkVersion="14"/> -->
20    <uses-permission android:name="android.permission.ACCESS_NETWORK_STATE" />
20-->[com.google.android.datatransport:transport-backend-cct:3.1.0] AndroidManifest.xml:25:5-79
20-->[com.google.android.datatransport:transport-backend-cct:3.1.0] AndroidManifest.xml:25:22-76
21    <uses-permission android:name="android.permission.INTERNET" />
21-->[com.google.android.datatransport:transport-backend-cct:3.1.0] AndroidManifest.xml:26:5-67
21-->[com.google.android.datatransport:transport-backend-cct:3.1.0] AndroidManifest.xml:26:22-64
22
23    <application
23-->src\main\AndroidManifest.xml:11:5-25:19
24        android:allowBackup="true"
24-->src\main\AndroidManifest.xml:12:9-35
25        android:appComponentFactory="androidx.core.app.CoreComponentFactory"
25-->[androidx.core:core:1.3.1] AndroidManifest.xml:24:18-86
26        android:debuggable="true"
27        android:extractNativeLibs="false"
28        android:icon="@mipmap/launcher_icon"
28-->src\main\AndroidManifest.xml:13:9-45
29        android:label="@string/app_name"
29-->src\main\AndroidManifest.xml:14:9-41
30        android:roundIcon="@mipmap/launcher_icon"
30-->src\main\AndroidManifest.xml:15:9-50
31        android:supportsRtl="true"
31-->src\main\AndroidManifest.xml:16:9-35
32        android:testOnly="true"
33        android:theme="@style/Theme.ImageClassification" >
33-->src\main\AndroidManifest.xml:17:9-57
34        <activity
34-->src\main\AndroidManifest.xml:18:9-24:20
35            android:name="com.example.objectsegmentation.MainActivity"
35-->src\main\AndroidManifest.xml:18:19-77
36            android:exported="true" >
36-->src\main\AndroidManifest.xml:19:13-36
37            <intent-filter>
37-->src\main\AndroidManifest.xml:20:13-23:29
38                <action android:name="android.intent.action.MAIN" />
38-->src\main\AndroidManifest.xml:21:17-69
38-->src\main\AndroidManifest.xml:21:25-66
39
40                <category android:name="android.intent.category.LAUNCHER" />
40-->src\main\AndroidManifest.xml:22:17-77
40-->src\main\AndroidManifest.xml:22:27-74
41            </intent-filter>
42        </activity>
43
44        <service
44-->[com.google.android.datatransport:transport-backend-cct:3.1.0] AndroidManifest.xml:29:9-35:19
45            android:name="com.google.android.datatransport.runtime.backends.TransportBackendDiscovery"
45-->[com.google.android.datatransport:transport-backend-cct:3.1.0] AndroidManifest.xml:30:13-103
46            android:exported="false" >
46-->[com.google.android.datatransport:transport-backend-cct:3.1.0] AndroidManifest.xml:31:13-37
47            <meta-data
47-->[com.google.android.datatransport:transport-backend-cct:3.1.0] AndroidManifest.xml:32:13-34:39
48                android:name="backend:com.google.android.datatransport.cct.CctBackendFactory"
48-->[com.google.android.datatransport:transport-backend-cct:3.1.0] AndroidManifest.xml:33:17-94
49                android:value="cct" />
49-->[com.google.android.datatransport:transport-backend-cct:3.1.0] AndroidManifest.xml:34:17-36
50        </service>
51        <service
51-->[com.google.android.datatransport:transport-runtime:3.1.0] AndroidManifest.xml:26:9-30:19
52            android:name="com.google.android.datatransport.runtime.scheduling.jobscheduling.JobInfoSchedulerService"
52-->[com.google.android.datatransport:transport-runtime:3.1.0] AndroidManifest.xml:27:13-117
53            android:exported="false"
53-->[com.google.android.datatransport:transport-runtime:3.1.0] AndroidManifest.xml:28:13-37
54            android:permission="android.permission.BIND_JOB_SERVICE" >
54-->[com.google.android.datatransport:transport-runtime:3.1.0] AndroidManifest.xml:29:13-69
55        </service>
56
57        <receiver
57-->[com.google.android.datatransport:transport-runtime:3.1.0] AndroidManifest.xml:32:9-34:40
58            android:name="com.google.android.datatransport.runtime.scheduling.jobscheduling.AlarmManagerSchedulerBroadcastReceiver"
58-->[com.google.android.datatransport:transport-runtime:3.1.0] AndroidManifest.xml:33:13-132
59            android:exported="false" />
59-->[com.google.android.datatransport:transport-runtime:3.1.0] AndroidManifest.xml:34:13-37
60    </application>
61
62</manifest>